<?xml version="1.0" encoding="UTF-8"?>
<testsuite name="edu.coursera.distributed.MpiJavaTest" time="42.266" tests="5" errors="0" skipped="0" failures="5">
  <properties>
[...]
</properties>
  <testcase name="testMatrixMultiplyRectangular1Small" classname="edu.coursera.distributed.MpiJavaTest" time="5.376">
    <failure message="Expected a speedup of at least 3.0, but saw 1.1061429168407857" type="junit.framework.AssertionFailedError">junit.framework.AssertionFailedError: Expected a speedup of at least 3.0, but saw 1.1061429168407857
	at junit.framework.Assert.fail(Assert.java:57)
	at junit.framework.Assert.assertTrue(Assert.java:22)
	at junit.framework.TestCase.assertTrue(TestCase.java:192)
	at edu.coursera.distributed.MpiJavaTest.testDriver(MpiJavaTest.java:135)
	at edu.coursera.distributed.MpiJavaTest.testMatrixMultiplyRectangular1Small(MpiJavaTest.java:148)
</failure>
    <system-err><![CDATA[Testing matrix multiply: [800 x 1600] * [1600 x 500] = [800 x 500]
Sequential implementation ran in 2647 ms
MPI implementation ran in 2393 ms, yielding a speedup of 1.1061429168407857x

]]></system-err>
  </testcase>
  <testcase name="testMatrixMultiplyRectangular2Small" classname="edu.coursera.distributed.MpiJavaTest" time="4.601">
    <failure message="Expected a speedup of at least 3.0, but saw 0.7027348394768134" type="junit.framework.AssertionFailedError">junit.framework.AssertionFailedError: Expected a speedup of at least 3.0, but saw 0.7027348394768134
	at junit.framework.Assert.fail(Assert.java:57)
	at junit.framework.Assert.assertTrue(Assert.java:22)
	at junit.framework.TestCase.assertTrue(TestCase.java:192)
	at edu.coursera.distributed.MpiJavaTest.testDriver(MpiJavaTest.java:135)
	at edu.coursera.distributed.MpiJavaTest.testMatrixMultiplyRectangular2Small(MpiJavaTest.java:152)
</failure>
    <system-err><![CDATA[Testing matrix multiply: [1600 x 800] * [800 x 500] = [1600 x 500]
Sequential implementation ran in 1773 ms
MPI implementation ran in 2523 ms, yielding a speedup of 0.7027348394768134x

]]></system-err>
  </testcase>
  <testcase name="testMatrixMultiplyRectangularLarge" classname="edu.coursera.distributed.MpiJavaTest" time="15.834">
    <failure message="Expected a speedup of at least 3.0, but saw 0.9085130250529727" type="junit.framework.AssertionFailedError">junit.framework.AssertionFailedError: Expected a speedup of at least 3.0, but saw 0.9085130250529727
	at junit.framework.Assert.fail(Assert.java:57)
	at junit.framework.Assert.assertTrue(Assert.java:22)
	at junit.framework.TestCase.assertTrue(TestCase.java:192)
	at edu.coursera.distributed.MpiJavaTest.testDriver(MpiJavaTest.java:135)
	at edu.coursera.distributed.MpiJavaTest.testMatrixMultiplyRectangularLarge(MpiJavaTest.java:156)
</failure>
    <system-err><![CDATA[Testing matrix multiply: [1800 x 1400] * [1400 x 1000] = [1800 x 1000]
Sequential implementation ran in 7289 ms
MPI implementation ran in 8023 ms, yielding a speedup of 0.9085130250529727x

]]></system-err>
  </testcase>
  <testcase name="testMatrixMultiplySquareLarge" classname="edu.coursera.distributed.MpiJavaTest" time="12.296">
    <failure message="Expected a speedup of at least 3.0, but saw 0.9924229668294325" type="junit.framework.AssertionFailedError">junit.framework.AssertionFailedError: Expected a speedup of at least 3.0, but saw 0.9924229668294325
	at junit.framework.Assert.fail(Assert.java:57)
	at junit.framework.Assert.assertTrue(Assert.java:22)
	at junit.framework.TestCase.assertTrue(TestCase.java:192)
	at edu.coursera.distributed.MpiJavaTest.testDriver(MpiJavaTest.java:135)
	at edu.coursera.distributed.MpiJavaTest.testMatrixMultiplySquareLarge(MpiJavaTest.java:144)
</failure>
    <system-err><![CDATA[Testing matrix multiply: [1200 x 1200] * [1200 x 1200] = [1200 x 1200]
Sequential implementation ran in 5894 ms
MPI implementation ran in 5939 ms, yielding a speedup of 0.9924229668294325x

]]></system-err>
  </testcase>
  <testcase name="testMatrixMultiplySquareSmall" classname="edu.coursera.distributed.MpiJavaTest" time="4.159">
    <failure message="Expected a speedup of at least 3.0, but saw 1.0818373812038016" type="junit.framework.AssertionFailedError">junit.framework.AssertionFailedError: Expected a speedup of at least 3.0, but saw 1.0818373812038016
	at junit.framework.Assert.fail(Assert.java:57)
	at junit.framework.Assert.assertTrue(Assert.java:22)
	at junit.framework.TestCase.assertTrue(TestCase.java:192)
	at edu.coursera.distributed.MpiJavaTest.testDriver(MpiJavaTest.java:135)
	at edu.coursera.distributed.MpiJavaTest.testMatrixMultiplySquareSmall(MpiJavaTest.java:140)
</failure>
    <system-err><![CDATA[Testing matrix multiply: [800 x 800] * [800 x 800] = [800 x 800]
Sequential implementation ran in 2049 ms
MPI implementation ran in 1894 ms, yielding a speedup of 1.0818373812038016x

]]></system-err>
  </testcase>
</testsuite>